\BOOKMARK [0][-]{chapter.1}{\376\377\000I\000n\000t\000r\000o\000d\000u\000c\000t\000i\000o\000n}{}% 1
\BOOKMARK [1][-]{section.1.1}{\376\377\000P\000a\000r\000a\000g\000r\000a\000p\000h\000s}{chapter.1}% 2
\BOOKMARK [1][-]{section.1.2}{\376\377\000I\000n\000l\000i\000n\000e\000\040\000m\000a\000r\000k\000u\000p}{chapter.1}% 3
\BOOKMARK [1][-]{section.1.3}{\376\377\000L\000i\000s\000t\000s\000\040\000a\000n\000d\000\040\000Q\000u\000o\000t\000e\000-\000l\000i\000k\000e\000\040\000b\000l\000o\000c\000k\000s}{chapter.1}% 4
\BOOKMARK [1][-]{section.1.4}{\376\377\000S\000o\000u\000r\000c\000e\000\040\000C\000o\000d\000e}{chapter.1}% 5
\BOOKMARK [1][-]{section.1.5}{\376\377\000T\000a\000b\000l\000e\000s}{chapter.1}% 6
\BOOKMARK [1][-]{section.1.6}{\376\377\000H\000y\000p\000e\000r\000l\000i\000n\000k\000s}{chapter.1}% 7
\BOOKMARK [2][-]{subsection.1.6.1}{\376\377\000E\000x\000t\000e\000r\000n\000a\000l\000\040\000l\000i\000n\000k\000s}{section.1.6}% 8
\BOOKMARK [2][-]{subsection.1.6.2}{\376\377\000I\000n\000t\000e\000r\000n\000a\000l\000\040\000l\000i\000n\000k\000s}{section.1.6}% 9
\BOOKMARK [1][-]{section.1.7}{\376\377\000S\000e\000c\000t\000i\000o\000n\000s}{chapter.1}% 10
\BOOKMARK [1][-]{section.1.8}{\376\377\000C\000i\000t\000a\000t\000i\000o\000n\000s}{chapter.1}% 11
\BOOKMARK [1][-]{section.1.9}{\376\377\000C\000o\000m\000m\000e\000n\000t\000s}{chapter.1}% 12
\BOOKMARK [1][-]{section.1.10}{\376\377\000S\000o\000u\000r\000c\000e\000\040\000e\000n\000c\000o\000d\000i\000n\000g}{chapter.1}% 13
\BOOKMARK [0][-]{chapter.2}{\376\377\000S\000e\000c\000t\000i\000o\000n\000\040\000t\000o\000\040\000c\000r\000o\000s\000s\000-\000r\000e\000f\000e\000r\000e\000n\000c\000e}{}% 14
\BOOKMARK [0][-]{chapter.3}{\376\377\000D\000i\000r\000e\000c\000t\000i\000v\000e\000s}{}% 15
\BOOKMARK [0][-]{chapter.4}{\376\377\000I\000n\000s\000t\000a\000l\000l\000a\000t\000i\000o\000n\000!}{}% 16
\BOOKMARK [0][-]{chapter.5}{\376\377\000Q\000u\000i\000c\000k\000s\000t\000a\000r\000t}{}% 17
\BOOKMARK [0][-]{chapter.6}{\376\377\000T\000h\000i\000s\000\040\000i\000s\000\040\000a\000\040\000t\000a\000b\000l\000e\000s}{}% 18
\BOOKMARK [1][-]{section.6.1}{\376\377\000T\000a\000b\000l\000e\000s}{chapter.6}% 19
\BOOKMARK [2][-]{subsection.6.1.1}{\376\377\000T\000a\000b\000l\000e\000s\000\040\0001}{section.6.1}% 20
\BOOKMARK [1][-]{section.6.2}{\376\377\000D\000o\000c\000t\000e\000s\000t\000\040\000b\000l\000o\000c\000k\000s}{chapter.6}% 21
\BOOKMARK [1][-]{section.6.3}{\376\377\000D\000e\000f\000i\000n\000i\000t\000i\000o\000n\000\040\000l\000i\000s\000t\000s}{chapter.6}% 22
\BOOKMARK [1][-]{section.6.4}{\376\377\000B\000r\000o\000k\000e\000n\000\040\000l\000i\000n\000e\000s}{chapter.6}% 23
\BOOKMARK [0][-]{chapter.7}{\376\377\000I\000m\000a\000g\000e\000s}{}% 24
\BOOKMARK [1][-]{section.7.1}{\376\377\000F\000i\000g\000u\000r\000e\000s}{chapter.7}% 25
\BOOKMARK [0][-]{chapter.8}{\376\377\000I\000n\000d\000e\000x\000\040\000a\000n\000d\000\040\000t\000a\000b\000l\000e\000s}{}% 26
\BOOKMARK [0][-]{chapter*.17}{\376\377\000B\000i\000b\000l\000i\000o\000g\000r\000a\000p\000h\000y}{}% 27
